<?xml version="1.0" encoding="UTF-8"?>
<testsuite failures="0" errors="0" skipped="0" tests="1" time="15.398982" name="Cadastro">
<testcase classname="Cadastro" name="Cadastro de conta" time="15.398982">
  <system-out>
    <![CDATA[]]>
  </system-out>
  <system-err>
    <![CDATA[]]>
  </system-err>
</testcase>
</testsuite>
